info t=2026-07-06T01:56:33Z Cinnamon.AppSystem.get_default() started in 0 ms
info t=2026-07-06T01:56:33Z loading user theme: /usr/share/themes/Mint-Y-Dark-Aqua/cinnamon/cinnamon.css
info t=2026-07-06T01:56:33Z added icon directory: /usr/share/themes/Mint-Y-Dark-Aqua/cinnamon
info t=2026-07-06T01:56:33Z Set up Touchegg client
info t=2026-07-06T01:56:33Z Animations: enabled (hardware rendering, enabled in settings)
info t=2026-07-06T01:56:33Z NetworkManager agent: enabled
info t=2026-07-06T01:56:33Z Cinnamon registered as the Polkit agent for the active session (c2)
info t=2026-07-06T01:56:33Z SSH agent: enabled
info t=2026-07-06T01:56:33Z loaded at Mon Jul 06 2026 01:56:33 GMT-0500 (hora estándar de Colombia)
info t=2026-07-06T01:56:33Z ExtensionSystem started in 1 ms
info t=2026-07-06T01:56:33Z DeskletManager started in 1 ms
info t=2026-07-06T01:56:33Z SearchProviderManager started in 1 ms
info t=2026-07-06T01:56:34Z Role locked: tray
info t=2026-07-06T01:56:34Z Loaded applet systray@cinnamon.org in 88 ms
info t=2026-07-06T01:56:34Z Loaded applet removable-drives@cinnamon.org in 9 ms
info t=2026-07-06T01:56:34Z Loaded applet favorites@cinnamon.org in 7 ms
info t=2026-07-06T01:56:34Z Loaded applet printers@cinnamon.org in 59 ms
info t=2026-07-06T01:56:34Z Loaded applet notifications@cinnamon.org in 16 ms
info t=2026-07-06T01:56:34Z Loaded applet keyboard@cinnamon.org in 14 ms
info t=2026-07-06T01:56:34Z Loaded applet xapp-status@cinnamon.org in 26 ms
info t=2026-07-06T01:56:34Z Loaded applet calendar@cinnamon.org in 63 ms
info t=2026-07-06T01:56:34Z Loaded applet temperature@fevimu in 35 ms
info t=2026-07-06T01:56:34Z Loaded applet systemmonitor@dannt in 38 ms
info t=2026-07-06T01:56:34Z Loaded applet bluetooth-battery@zamszowy in 64 ms
info t=2026-07-06T01:56:34Z Loaded applet cornerbar@cinnamon.org in 73 ms
info t=2026-07-06T01:56:34Z Role locked: panellauncher
info t=2026-07-06T01:56:34Z Role locked: windowattentionhandler
info t=2026-07-06T01:56:34Z Monitor Watch List updated: [0]
info t=2026-07-06T01:56:34Z Loaded applet grouped-window-list@cinnamon.org in 21 ms
info t=2026-07-06T01:56:34Z Adding XAppStatusIcon: blueman (:1.64/org/x/StatusIcon/Icon)
info t=2026-07-06T01:56:34Z Adding XAppStatusIcon: mintreport (:1.113/org/x/StatusIcon/Icon)
info t=2026-07-06T01:56:34Z Adding XAppStatusIcon: process-monitor (:1.113/org/x/StatusIcon/Icon_1)
info t=2026-07-06T01:56:34Z Adding XAppStatusIcon: mintUpdate.py (:1.98/org/x/StatusIcon/Icon)
info t=2026-07-06T01:56:34Z Loaded applet power@cinnamon.org in 74 ms
info t=2026-07-06T01:56:35Z Loaded applet sound@cinnamon.org in 187 ms
info t=2026-07-06T01:56:35Z Loaded applet network@cinnamon.org in 43 ms
info t=2026-07-06T01:56:35Z Loaded applet menu@cinnamon.org in 249 ms
info t=2026-07-06T01:56:35Z AppletManager started in 1423 ms
info t=2026-07-06T01:56:35Z Cinnamon took 1781 ms to start
info t=2026-07-06T01:56:35Z GPU offload supported: false
